
The following have been reloaded with a version change:
  1) GCCcore/11.3.0 => GCCcore/10.3.0
  2) GMP/6.2.1-GCCcore-11.3.0 => GMP/6.2.1-GCCcore-10.3.0
  3) Python/3.10.4-GCCcore-11.3.0 => Python/3.9.5-GCCcore-10.3.0
  4) SQLite/3.38.3-GCCcore-11.3.0 => SQLite/3.35.4-GCCcore-10.3.0
  5) Tcl/8.6.12-GCCcore-11.3.0 => Tcl/8.6.11-GCCcore-10.3.0
  6) XZ/5.2.5-GCCcore-11.3.0 => XZ/5.2.5-GCCcore-10.3.0
  7) binutils/2.38-GCCcore-11.3.0 => binutils/2.36.1-GCCcore-10.3.0
  8) bzip2/1.0.8-GCCcore-11.3.0 => bzip2/1.0.8-GCCcore-10.3.0
  9) libffi/3.4.2-GCCcore-11.3.0 => libffi/3.3-GCCcore-10.3.0
 10) libreadline/8.1.2-GCCcore-11.3.0 => libreadline/8.1-GCCcore-10.3.0
 11) ncurses/6.3-GCCcore-11.3.0 => ncurses/6.2-GCCcore-10.3.0
 12) zlib/1.2.12-GCCcore-11.3.0 => zlib/1.2.11-GCCcore-10.3.0

Maximum outer iterations =  1000
tolerance =  1e-12
inner iterations =  500
lgmres  25.3  mins  reason =  0
residual =  0.0
Flow Error =  -0.0
Flow going in =  0.0009925295677611033
Flow going out =  -0.000992529608802403
